TN:
SF:src\errors\index.ts
FN:12,(anonymous_0)
FN:30,(anonymous_1)
FN:46,(anonymous_2)
FN:62,(anonymous_3)
FN:78,(anonymous_4)
FN:94,(anonymous_5)
FN:111,(anonymous_6)
FN:128,(anonymous_7)
FN:142,formatError
FNF:9
FNH:8
FNDA:79,(anonymous_0)
FNDA:8,(anonymous_1)
FNDA:3,(anonymous_2)
FNDA:1,(anonymous_3)
FNDA:5,(anonymous_4)
FNDA:2,(anonymous_5)
FNDA:1,(anonymous_6)
FNDA:59,(anonymous_7)
FNDA:0,formatError
DA:11,3
DA:14,79
DA:15,79
DA:16,79
DA:18,79
DA:19,79
DA:20,79
DA:29,3
DA:31,8
DA:32,8
DA:45,3
DA:47,3
DA:48,3
DA:61,3
DA:63,1
DA:64,1
DA:77,3
DA:79,5
DA:80,5
DA:93,3
DA:95,2
DA:96,2
DA:110,3
DA:112,1
DA:113,1
DA:127,3
DA:129,59
DA:130,59
DA:142,3
DA:143,0
DA:144,0
DA:146,0
DA:147,0
DA:150,0
DA:151,0
DA:155,0
DA:156,0
DA:161,0
DA:164,0
LF:39
LH:29
BRDA:31,0,0,8
BRDA:31,0,1,8
BRDA:47,1,0,3
BRDA:47,1,1,3
BRDA:63,2,0,1
BRDA:63,2,1,1
BRDA:79,3,0,5
BRDA:79,3,1,5
BRDA:95,4,0,2
BRDA:95,4,1,2
BRDA:112,5,0,1
BRDA:112,5,1,1
BRDA:129,6,0,59
BRDA:129,6,1,53
BRDA:143,7,0,0
BRDA:146,8,0,0
BRDA:150,9,0,0
BRDA:150,10,0,0
BRDA:150,10,1,0
BRDA:155,11,0,0
BRDA:155,12,0,0
BRDA:155,12,1,0
BRF:22
BRH:14
end_of_record
TN:
SF:src\generators\middleware.ts
FN:15,setupCors
FN:25,setupJsonParser
FN:32,setupBrandingHeaders
FN:34,(anonymous_4)
FN:45,setupRequestLogging
FN:46,(anonymous_6)
FN:60,(anonymous_7)
FN:73,setupErrorHandler
FN:74,(anonymous_9)
FN:92,setupAllMiddleware
FNF:10
FNH:9
FNDA:62,setupCors
FNDA:62,setupJsonParser
FNDA:62,setupBrandingHeaders
FNDA:7,(anonymous_4)
FNDA:62,setupRequestLogging
FNDA:29,(anonymous_6)
FNDA:24,(anonymous_7)
FNDA:62,setupErrorHandler
FNDA:0,(anonymous_9)
FNDA:62,setupAllMiddleware
DA:1,1
DA:2,1
DA:3,1
DA:15,1
DA:16,62
DA:17,60
DA:18,60
DA:25,1
DA:26,62
DA:32,1
DA:33,62
DA:34,41
DA:35,7
DA:36,7
DA:38,41
DA:45,1
DA:46,62
DA:47,29
DA:50,29
DA:59,29
DA:60,29
DA:61,24
DA:62,24
DA:63,24
DA:66,29
DA:73,1
DA:74,62
DA:75,0
DA:82,0
DA:92,1
DA:93,62
DA:94,62
DA:95,62
DA:96,62
DA:97,62
LF:35
LH:33
BRDA:16,0,0,60
BRDA:33,1,0,41
BRDA:84,2,0,0
BRDA:84,2,1,0
BRDA:93,3,0,62
BRDA:93,3,1,0
BRF:6
BRH:3
end_of_record
TN:
SF:src\generators\playground.ts
FN:4,getPlaygroundHTML
FN:5,(anonymous_1)
FN:15,(anonymous_2)
FNF:3
FNH:1
FNDA:1,getPlaygroundHTML
FNDA:0,(anonymous_1)
FNDA:0,(anonymous_2)
DA:2,1
DA:4,1
DA:5,1
DA:6,0
DA:7,0
DA:8,0
DA:9,0
DA:12,0
DA:13,0
DA:14,0
DA:15,0
DA:16,0
DA:17,0
DA:19,0
DA:23,0
DA:24,0
DA:31,0
DA:74,1
LF:18
LH:4
BRDA:9,0,0,0
BRDA:9,0,1,0
BRDA:13,1,0,0
BRDA:15,2,0,0
BRDA:15,2,1,0
BRDA:15,3,0,0
BRDA:15,3,1,0
BRDA:24,4,0,0
BRDA:24,4,1,0
BRF:9
BRH:0
end_of_record
TN:
SF:src\generators\response-utils.ts
FN:4,addBranding
FNF:1
FNH:1
FNDA:17,addBranding
DA:4,1
DA:6,17
DA:7,17
DA:11,0
DA:12,0
DA:16,0
DA:17,0
DA:21,0
LF:8
LH:3
BRDA:6,0,0,17
BRDA:11,1,0,0
BRDA:11,2,0,0
BRDA:11,2,1,0
BRDA:11,2,2,0
BRDA:16,3,0,0
BRF:6
BRH:1
end_of_record
TN:
SF:src\generators\route-setup.ts
FN:15,setupPlaygroundRoute
FN:16,(anonymous_1)
FN:25,setupHealthCheckRoute
FN:26,(anonymous_3)
FN:38,setupShareRoute
FN:39,(anonymous_5)
FN:56,setupGalleryRoute
FN:57,(anonymous_7)
FN:133,setupFaviconRoute
FN:134,(anonymous_9)
FN:142,setupNotFoundRoute
FN:143,(anonymous_11)
FN:160,setupSystemRoutes
FNF:13
FNH:11
FNDA:57,setupPlaygroundRoute
FNDA:1,(anonymous_1)
FNDA:57,setupHealthCheckRoute
FNDA:2,(anonymous_3)
FNDA:57,setupShareRoute
FNDA:0,(anonymous_5)
FNDA:57,setupGalleryRoute
FNDA:0,(anonymous_7)
FNDA:57,setupFaviconRoute
FNDA:1,(anonymous_9)
FNDA:57,setupNotFoundRoute
FNDA:2,(anonymous_11)
FNDA:57,setupSystemRoutes
DA:3,1
DA:4,1
DA:15,1
DA:16,57
DA:17,1
DA:18,1
DA:25,1
DA:26,57
DA:27,2
DA:38,1
DA:39,57
DA:40,0
DA:49,0
DA:56,1
DA:57,57
DA:58,0
DA:122,0
DA:133,1
DA:134,57
DA:135,1
DA:142,1
DA:143,57
DA:144,2
DA:150,2
DA:160,1
DA:161,57
DA:162,57
DA:163,57
DA:164,57
DA:165,57
DA:166,57
LF:31
LH:27
BRF:0
BRH:0
end_of_record
TN:
SF:src\generators\routes.ts
FN:9,generateRouteConfigs
FN:18,(anonymous_1)
FN:34,(anonymous_2)
FN:51,(anonymous_3)
FN:66,(anonymous_4)
FN:80,(anonymous_5)
FN:90,generateRoutes
FN:192,generateCRUDDSL
FNF:8
FNH:8
FNDA:32,generateRouteConfigs
FNDA:9,(anonymous_1)
FNDA:4,(anonymous_2)
FNDA:9,(anonymous_3)
FNDA:2,(anonymous_4)
FNDA:1,(anonymous_5)
FNDA:9,generateRoutes
FNDA:13,generateCRUDDSL
DA:2,1
DA:9,1
DA:10,32
DA:11,32
DA:13,32
DA:18,9
DA:34,4
DA:51,9
DA:66,2
DA:80,1
DA:90,1
DA:91,9
DA:92,9
DA:94,9
DA:192,1
DA:193,13
DA:195,13
LF:17
LH:17
BRDA:10,0,0,32
BRDA:10,0,1,1
BRDA:91,1,0,9
BRDA:91,1,1,1
BRF:4
BRH:4
end_of_record
TN:
SF:src\generators\schema-routes.ts
FN:18,determineResourceName
FN:36,determineBasePath
FN:46,isSchemaResponse
FN:58,initializeResourceState
FN:76,handleGetById
FN:85,(anonymous_5)
FN:126,handleGetCollection
FN:172,handlePost
FN:199,handlePut
FN:205,(anonymous_9)
FN:239,handleDelete
FN:245,(anonymous_11)
FN:263,createRouteHandler
FN:271,(anonymous_13)
FN:272,(anonymous_14)
FN:324,generateCustomRoutes
FN:334,(anonymous_16)
FN:373,generateCrudRoutes
FN:388,(anonymous_18)
FNF:19
FNH:7
FNDA:4,determineResourceName
FNDA:4,determineBasePath
FNDA:0,isSchemaResponse
FNDA:0,initializeResourceState
FNDA:0,handleGetById
FNDA:0,(anonymous_5)
FNDA:0,handleGetCollection
FNDA:0,handlePost
FNDA:0,handlePut
FNDA:0,(anonymous_9)
FNDA:0,handleDelete
FNDA:0,(anonymous_11)
FNDA:16,createRouteHandler
FNDA:0,(anonymous_13)
FNDA:0,(anonymous_14)
FNDA:1,generateCustomRoutes
FNDA:1,(anonymous_16)
FNDA:3,generateCrudRoutes
FNDA:15,(anonymous_18)
DA:1,1
DA:2,1
DA:18,1
DA:19,4
DA:20,1
DA:22,3
DA:23,1
DA:24,1
DA:26,2
DA:36,1
DA:37,4
DA:47,0
DA:59,0
DA:60,0
DA:85,0
DA:86,0
DA:89,0
DA:90,0
DA:99,0
DA:100,0
DA:101,0
DA:102,0
DA:103,0
DA:104,0
DA:107,0
DA:135,0
DA:137,0
DA:138,0
DA:139,0
DA:141,0
DA:142,0
DA:143,0
DA:144,0
DA:145,0
DA:146,0
DA:149,0
DA:154,0
DA:178,0
DA:179,0
DA:185,0
DA:187,0
DA:205,0
DA:206,0
DA:209,0
DA:210,0
DA:214,0
DA:221,0
DA:222,0
DA:224,0
DA:227,0
DA:245,0
DA:246,0
DA:249,0
DA:263,1
DA:271,16
DA:272,0
DA:273,0
DA:275,0
DA:277,0
DA:278,0
DA:280,0
DA:281,0
DA:282,0
DA:285,0
DA:286,0
DA:289,0
DA:290,0
DA:292,0
DA:297,0
DA:298,0
DA:301,0
DA:302,0
DA:305,0
DA:306,0
DA:310,0
DA:311,0
DA:313,0
DA:324,1
DA:328,1
DA:330,1
DA:331,0
DA:334,1
DA:342,1
DA:343,1
DA:344,1
DA:346,1
DA:359,1
DA:373,1
DA:378,3
DA:380,3
DA:388,3
DA:389,15
DA:390,15
DA:399,3
LF:94
LH:29
BRDA:19,0,0,1
BRDA:22,1,0,1
BRDA:24,2,0,0
BRDA:24,2,1,1
BRDA:37,3,0,4
BRDA:37,3,1,3
BRDA:47,4,0,0
BRDA:47,4,1,0
BRDA:47,4,2,0
BRDA:47,4,3,0
BRDA:47,4,4,0
BRDA:47,4,5,0
BRDA:47,4,6,0
BRDA:59,5,0,0
BRDA:86,6,0,0
BRDA:86,6,1,0
BRDA:86,6,2,0
BRDA:86,6,3,0
BRDA:89,7,0,0
BRDA:90,8,0,0
BRDA:90,8,1,0
BRDA:100,9,0,0
BRDA:100,10,0,0
BRDA:100,10,1,0
BRDA:100,10,2,0
BRDA:100,10,3,0
BRDA:107,11,0,0
BRDA:107,11,1,0
BRDA:135,12,0,0
BRDA:138,13,0,0
BRDA:138,13,1,0
BRDA:143,14,0,0
BRDA:143,15,0,0
BRDA:143,15,1,0
BRDA:143,15,2,0
BRDA:145,16,0,0
BRDA:154,17,0,0
BRDA:154,17,1,0
BRDA:178,18,0,0
BRDA:178,18,1,0
BRDA:178,19,0,0
BRDA:178,19,1,0
BRDA:180,20,0,0
BRDA:180,20,1,0
BRDA:187,21,0,0
BRDA:187,21,1,0
BRDA:206,22,0,0
BRDA:206,22,1,0
BRDA:206,22,2,0
BRDA:206,22,3,0
BRDA:209,23,0,0
BRDA:209,23,1,0
BRDA:209,24,0,0
BRDA:209,24,1,0
BRDA:210,25,0,0
BRDA:210,25,1,0
BRDA:210,26,0,0
BRDA:210,26,1,0
BRDA:210,26,2,0
BRDA:217,27,0,0
BRDA:217,27,1,0
BRDA:221,28,0,0
BRDA:221,28,1,0
BRDA:227,29,0,0
BRDA:227,29,1,0
BRDA:246,30,0,0
BRDA:246,30,1,0
BRDA:246,30,2,0
BRDA:246,30,3,0
BRDA:249,31,0,0
BRDA:249,31,1,0
BRDA:269,32,0,0
BRDA:272,33,0,0
BRDA:272,33,1,0
BRDA:273,34,0,0
BRDA:273,34,1,0
BRDA:277,35,0,0
BRDA:277,35,1,0
BRDA:278,36,0,0
BRDA:278,36,1,0
BRDA:278,37,0,0
BRDA:278,37,1,0
BRDA:280,38,0,0
BRDA:281,39,0,0
BRDA:281,39,1,0
BRDA:285,40,0,0
BRDA:285,40,1,0
BRDA:285,41,0,0
BRDA:285,41,1,0
BRDA:285,41,2,0
BRDA:289,42,0,0
BRDA:297,43,0,0
BRDA:301,44,0,0
BRDA:301,45,0,0
BRDA:301,45,1,0
BRDA:305,46,0,0
BRDA:305,47,0,0
BRDA:305,47,1,0
BRDA:310,48,0,0
BRDA:313,49,0,0
BRDA:313,49,1,0
BRDA:330,50,0,0
BRDA:330,51,0,1
BRDA:330,51,1,1
BRDA:349,52,0,1
BRDA:349,52,1,1
BRDA:349,53,0,0
BRDA:349,53,1,1
BRDA:350,54,0,1
BRDA:350,54,1,1
BRDA:351,55,0,1
BRDA:351,55,1,1
BRDA:353,56,0,0
BRDA:353,56,1,1
BRDA:353,57,0,1
BRDA:353,57,1,1
BRDA:353,57,2,1
BRDA:393,58,0,3
BRDA:393,58,1,12
BRDA:393,59,0,3
BRDA:393,59,1,9
BRF:121
BRH:22
end_of_record
TN:
SF:src\generators\server.ts
FN:51,(anonymous_1)
FN:72,(anonymous_2)
FN:87,(anonymous_3)
FN:89,(anonymous_4)
FN:103,(anonymous_5)
FN:106,(anonymous_6)
FN:119,(anonymous_7)
FN:143,(anonymous_8)
FN:249,(anonymous_9)
FN:250,(anonymous_10)
FN:255,(anonymous_11)
FN:266,(anonymous_12)
FN:276,(anonymous_13)
FN:283,(anonymous_14)
FN:287,(anonymous_15)
FN:293,(anonymous_16)
FN:323,(anonymous_17)
FN:330,(anonymous_18)
FN:331,(anonymous_19)
FN:336,(anonymous_20)
FN:348,(anonymous_21)
FN:366,(anonymous_22)
FN:373,(anonymous_23)
FN:395,(anonymous_24)
FN:424,(anonymous_25)
FN:438,(anonymous_26)
FN:460,(anonymous_27)
FN:469,(anonymous_28)
FN:478,(anonymous_29)
FN:492,(anonymous_30)
FN:498,(anonymous_31)
FN:530,createMockServer
FNF:32
FNH:26
FNDA:62,(anonymous_1)
FNDA:62,(anonymous_2)
FNDA:62,(anonymous_3)
FNDA:46,(anonymous_4)
FNDA:46,(anonymous_5)
FNDA:23,(anonymous_6)
FNDA:3,(anonymous_7)
FNDA:1,(anonymous_8)
FNDA:54,(anonymous_9)
FNDA:54,(anonymous_10)
FNDA:52,(anonymous_11)
FNDA:0,(anonymous_12)
FNDA:29,(anonymous_13)
FNDA:29,(anonymous_14)
FNDA:0,(anonymous_15)
FNDA:2,(anonymous_16)
FNDA:55,(anonymous_17)
FNDA:51,(anonymous_18)
FNDA:0,(anonymous_19)
FNDA:0,(anonymous_20)
FNDA:0,(anonymous_21)
FNDA:51,(anonymous_22)
FNDA:0,(anonymous_23)
FNDA:29,(anonymous_24)
FNDA:11,(anonymous_25)
FNDA:11,(anonymous_26)
FNDA:68,(anonymous_27)
FNDA:1,(anonymous_28)
FNDA:7,(anonymous_29)
FNDA:4,(anonymous_30)
FNDA:16,(anonymous_31)
FNDA:1,createMockServer
DA:1,1
DA:12,1
DA:13,1
DA:14,1
DA:15,1
DA:16,1
DA:17,1
DA:18,1
DA:19,1
DA:34,1
DA:37,62
DA:38,62
DA:39,62
DA:40,62
DA:41,62
DA:54,62
DA:55,62
DA:56,58
DA:59,58
DA:60,58
DA:63,58
DA:64,58
DA:73,62
DA:89,62
DA:90,46
DA:94,57
DA:104,46
DA:106,46
DA:107,23
DA:108,23
DA:110,23
DA:112,23
DA:113,23
DA:115,2
DA:118,23
DA:119,3
DA:123,23
DA:125,1
DA:126,1
DA:127,1
DA:133,1
DA:143,22
DA:144,1
DA:148,22
DA:150,2
DA:151,2
DA:152,2
DA:154,1
DA:155,1
DA:161,1
DA:168,0
DA:174,21
DA:176,2
DA:184,2
DA:187,1
DA:188,1
DA:189,19
DA:191,16
DA:192,16
DA:195,3
DA:198,20
DA:199,20
DA:207,1
DA:212,46
DA:214,25
DA:215,25
DA:217,7
DA:218,7
DA:220,4
DA:221,4
DA:223,4
DA:224,4
DA:226,1
DA:227,1
DA:229,5
DA:232,41
DA:250,54
DA:251,54
DA:253,54
DA:255,54
DA:256,52
DA:263,52
DA:264,0
DA:267,0
DA:272,52
DA:276,54
DA:277,29
DA:279,0
DA:281,29
DA:283,29
DA:284,29
DA:287,29
DA:288,0
DA:293,54
DA:294,2
DA:295,2
DA:296,2
DA:301,2
DA:303,0
DA:308,0
DA:324,55
DA:325,4
DA:328,51
DA:330,51
DA:331,51
DA:333,0
DA:336,0
DA:337,0
DA:338,0
DA:339,0
DA:345,0
DA:347,0
DA:348,0
DA:349,0
DA:350,0
DA:351,0
DA:356,0
DA:357,0
DA:358,0
DA:361,0
DA:362,0
DA:366,51
DA:367,51
DA:369,51
DA:370,0
DA:371,0
DA:373,0
DA:374,0
DA:375,0
DA:376,0
DA:382,0
DA:383,0
DA:384,0
DA:385,0
DA:387,0
DA:391,0
DA:395,51
DA:396,29
DA:397,29
DA:398,29
DA:404,51
DA:406,51
DA:407,51
DA:408,51
DA:425,11
DA:427,11
DA:428,11
DA:431,0
DA:438,11
DA:440,11
DA:443,4
DA:444,4
DA:445,4
DA:447,4
DA:448,4
DA:449,4
DA:452,11
DA:461,68
DA:470,1
DA:479,7
DA:493,4
DA:495,4
DA:496,4
DA:498,4
DA:499,16
DA:502,4
DA:506,4
DA:516,4
DA:530,1
DA:531,1
LF:170
LH:134
BRDA:51,0,0,58
BRDA:55,1,0,4
BRDA:55,1,1,58
BRDA:59,2,0,58
BRDA:104,3,0,29
BRDA:104,4,0,44
BRDA:104,5,0,44
BRDA:113,6,0,2
BRDA:113,7,0,23
BRDA:113,7,1,22
BRDA:118,8,0,3
BRDA:123,9,0,1
BRDA:123,10,0,23
BRDA:123,10,1,23
BRDA:125,11,0,1
BRDA:148,12,0,2
BRDA:148,13,0,22
BRDA:148,13,1,2
BRDA:150,14,0,2
BRDA:154,15,0,1
BRDA:174,16,0,2
BRDA:174,16,1,19
BRDA:187,17,0,1
BRDA:187,17,1,0
BRDA:189,18,0,16
BRDA:189,18,1,3
BRDA:189,19,0,19
BRDA:189,19,1,17
BRDA:191,20,0,16
BRDA:191,20,1,0
BRDA:204,21,0,20
BRDA:204,21,1,19
BRDA:212,22,0,25
BRDA:212,22,1,7
BRDA:212,22,2,4
BRDA:212,22,3,4
BRDA:212,22,4,1
BRDA:212,22,5,5
BRDA:251,23,0,54
BRDA:251,23,1,0
BRDA:263,24,0,0
BRDA:277,25,0,0
BRDA:277,25,1,29
BRDA:294,26,0,2
BRDA:294,26,1,0
BRDA:324,27,0,4
BRDA:338,28,0,0
BRDA:338,29,0,0
BRDA:338,29,1,0
BRDA:338,29,2,0
BRDA:338,29,3,0
BRDA:347,30,0,0
BRDA:347,30,1,0
BRDA:350,31,0,0
BRDA:350,32,0,0
BRDA:350,32,1,0
BRDA:369,33,0,0
BRDA:369,33,1,51
BRDA:371,34,0,0
BRDA:371,34,1,0
BRDA:375,35,0,0
BRDA:375,36,0,0
BRDA:375,36,1,0
BRDA:375,36,2,0
BRDA:375,36,3,0
BRDA:397,37,0,29
BRDA:397,38,0,29
BRDA:397,38,1,29
BRDA:397,38,2,29
BRDA:397,38,3,29
BRDA:440,39,0,4
BRDA:443,40,0,0
BRDA:443,40,1,4
BRDA:444,41,0,4
BRDA:461,42,0,68
BRDA:461,42,1,55
BRDA:492,43,0,0
BRDA:493,44,0,4
BRDA:493,44,1,0
BRDA:498,45,0,16
BRDA:502,46,0,1
BRDA:502,46,1,3
BRDA:502,47,0,4
BRDA:502,47,1,1
BRF:84
BRH:57
end_of_record
TN:
SF:src\parsers\schema.ts
FN:29,(anonymous_0)
FN:38,(anonymous_1)
FN:47,(anonymous_2)
FN:56,(anonymous_3)
FN:76,(anonymous_4)
FN:108,(anonymous_5)
FN:140,(anonymous_6)
FN:185,(anonymous_7)
FN:245,(anonymous_8)
FN:333,(anonymous_9)
FN:385,(anonymous_10)
FN:401,(anonymous_11)
FN:440,(anonymous_12)
FNF:13
FNH:9
FNDA:0,(anonymous_0)
FNDA:0,(anonymous_1)
FNDA:0,(anonymous_2)
FNDA:0,(anonymous_3)
FNDA:207,(anonymous_4)
FNDA:4,(anonymous_5)
FNDA:115,(anonymous_6)
FNDA:7,(anonymous_7)
FNDA:37,(anonymous_8)
FNDA:11,(anonymous_9)
FNDA:2,(anonymous_10)
FNDA:10,(anonymous_11)
FNDA:50,(anonymous_12)
DA:1,2
DA:2,2
DA:3,2
DA:4,2
DA:5,2
DA:6,2
DA:9,2
DA:23,2
DA:30,0
DA:39,0
DA:48,0
DA:57,0
DA:77,207
DA:78,3
DA:82,204
DA:86,204
DA:87,78
DA:88,78
DA:89,78
DA:93,126
DA:97,126
DA:98,7
DA:101,119
DA:102,2
DA:103,2
DA:104,117
DA:105,2
DA:106,2
DA:107,115
DA:108,2
DA:109,4
DA:110,4
DA:116,113
DA:121,124
DA:122,105
DA:125,124
DA:141,115
DA:143,37
DA:146,11
DA:148,2
DA:150,10
DA:152,50
DA:154,3
DA:156,2
DA:158,2
DA:159,2
DA:163,0
DA:164,0
DA:167,0
DA:187,7
DA:188,1
DA:189,1
DA:193,6
DA:194,1
DA:195,1
DA:199,5
DA:200,5
DA:203,5
DA:204,10
DA:205,9
DA:207,1
DA:215,4
DA:216,0
DA:223,4
DA:226,4
DA:229,4
DA:231,4
DA:246,37
DA:247,2
DA:249,2
DA:250,0
DA:253,2
DA:254,0
DA:256,2
DA:260,35
DA:261,25
DA:262,25
DA:263,25
DA:264,25
DA:265,25
DA:266,21
DA:267,21
DA:268,21
DA:269,21
DA:270,21
DA:271,21
DA:272,21
DA:273,21
DA:276,26
DA:277,4
DA:279,1
DA:281,0
DA:283,0
DA:285,1
DA:287,0
DA:289,0
DA:291,0
DA:294,1
DA:296,1
DA:300,22
DA:302,0
DA:303,0
DA:308,22
DA:309,22
DA:310,22
DA:312,22
DA:313,22
DA:315,22
DA:316,257
DA:319,22
DA:335,11
DA:336,2
DA:337,2
DA:338,2
DA:339,2
DA:340,2
DA:343,11
DA:344,11
DA:347,11
DA:348,0
DA:352,11
DA:353,1
DA:354,1
DA:355,0
DA:356,0
DA:360,11
DA:361,1
DA:362,1
DA:363,0
DA:364,0
DA:368,11
DA:371,11
DA:372,1
DA:373,1
DA:374,1
DA:377,10
DA:386,2
DA:402,10
DA:403,10
DA:404,10
DA:406,10
DA:407,1
DA:410,9
DA:411,9
DA:413,9
DA:415,1
DA:416,2
DA:420,8
DA:421,32
DA:425,9
DA:441,50
DA:442,1
DA:445,49
DA:446,49
DA:447,49
DA:450,49
DA:453,66
DA:455,66
DA:456,66
DA:461,48
DA:462,0
DA:466,0
DA:467,0
DA:468,0
DA:469,0
DA:476,48
LF:166
LH:139
BRDA:76,0,0,95
BRDA:76,1,0,95
BRDA:76,2,0,199
BRDA:77,3,0,3
BRDA:82,4,0,185
BRDA:82,4,1,19
BRDA:82,5,0,204
BRDA:82,5,1,196
BRDA:86,6,0,78
BRDA:86,7,0,204
BRDA:86,7,1,185
BRDA:88,8,0,78
BRDA:88,9,0,78
BRDA:88,9,1,78
BRDA:93,10,0,126
BRDA:93,10,1,44
BRDA:97,11,0,7
BRDA:97,11,1,119
BRDA:101,12,0,2
BRDA:101,12,1,117
BRDA:101,13,0,119
BRDA:101,13,1,2
BRDA:104,14,0,2
BRDA:104,14,1,115
BRDA:104,15,0,117
BRDA:104,15,1,2
BRDA:107,16,0,2
BRDA:107,16,1,113
BRDA:107,17,0,115
BRDA:107,17,1,2
BRDA:110,18,0,3
BRDA:110,18,1,1
BRDA:110,19,0,4
BRDA:110,19,1,3
BRDA:110,19,2,3
BRDA:121,20,0,105
BRDA:121,21,0,124
BRDA:121,21,1,105
BRDA:141,22,0,37
BRDA:141,22,1,10
BRDA:141,22,2,11
BRDA:141,22,3,2
BRDA:141,22,4,10
BRDA:141,22,5,50
BRDA:141,22,6,3
BRDA:141,22,7,2
BRDA:156,23,0,2
BRDA:163,24,0,0
BRDA:163,25,0,0
BRDA:163,25,1,0
BRDA:185,26,0,0
BRDA:187,27,0,1
BRDA:193,28,0,1
BRDA:204,29,0,9
BRDA:204,29,1,1
BRDA:204,30,0,10
BRDA:204,30,1,10
BRDA:204,30,2,10
BRDA:215,31,0,0
BRDA:245,32,0,0
BRDA:246,33,0,2
BRDA:246,34,0,37
BRDA:246,34,1,3
BRDA:249,35,0,0
BRDA:253,36,0,0
BRDA:260,37,0,25
BRDA:262,38,0,0
BRDA:263,39,0,0
BRDA:264,40,0,0
BRDA:265,41,0,4
BRDA:265,42,0,25
BRDA:265,42,1,25
BRDA:266,43,0,0
BRDA:267,44,0,0
BRDA:268,45,0,0
BRDA:269,46,0,0
BRDA:270,47,0,0
BRDA:271,48,0,0
BRDA:272,49,0,0
BRDA:272,50,0,21
BRDA:272,50,1,21
BRDA:273,51,0,5
BRDA:273,52,0,21
BRDA:273,52,1,16
BRDA:276,53,0,4
BRDA:277,54,0,1
BRDA:277,54,1,0
BRDA:277,54,2,0
BRDA:277,54,3,1
BRDA:277,54,4,0
BRDA:277,54,5,0
BRDA:277,54,6,0
BRDA:277,54,7,1
BRDA:277,54,8,1
BRDA:277,54,9,1
BRDA:300,55,0,0
BRDA:302,56,0,0
BRDA:308,57,0,22
BRDA:308,57,1,19
BRDA:309,58,0,22
BRDA:309,58,1,19
BRDA:333,59,0,0
BRDA:335,60,0,2
BRDA:337,61,0,0
BRDA:338,62,0,0
BRDA:338,63,0,2
BRDA:338,63,1,2
BRDA:339,64,0,0
BRDA:340,65,0,0
BRDA:343,66,0,6
BRDA:343,66,1,5
BRDA:343,67,0,0
BRDA:343,67,1,5
BRDA:344,68,0,6
BRDA:344,68,1,5
BRDA:344,69,0,0
BRDA:344,69,1,5
BRDA:347,70,0,0
BRDA:347,71,0,11
BRDA:347,71,1,0
BRDA:347,71,2,0
BRDA:352,72,0,1
BRDA:353,73,0,1
BRDA:353,73,1,0
BRDA:353,74,0,1
BRDA:353,74,1,1
BRDA:354,75,0,1
BRDA:354,75,1,1
BRDA:355,76,0,0
BRDA:356,77,0,0
BRDA:356,77,1,0
BRDA:360,78,0,1
BRDA:361,79,0,1
BRDA:361,79,1,0
BRDA:361,80,0,1
BRDA:361,80,1,1
BRDA:362,81,0,1
BRDA:362,81,1,1
BRDA:363,82,0,0
BRDA:364,83,0,0
BRDA:364,83,1,0
BRDA:368,84,0,0
BRDA:368,85,0,0
BRDA:368,85,1,0
BRDA:371,86,0,1
BRDA:401,87,0,0
BRDA:401,88,0,0
BRDA:402,89,0,10
BRDA:402,89,1,8
BRDA:402,90,0,0
BRDA:402,90,1,8
BRDA:403,91,0,10
BRDA:403,91,1,8
BRDA:403,92,0,0
BRDA:403,92,1,8
BRDA:406,93,0,1
BRDA:411,94,0,9
BRDA:411,94,1,0
BRDA:413,95,0,1
BRDA:413,95,1,8
BRDA:440,96,0,0
BRDA:440,97,0,0
BRDA:441,98,0,1
BRDA:446,99,0,49
BRDA:446,99,1,0
BRDA:447,100,0,49
BRDA:447,100,1,0
BRDA:455,101,0,66
BRDA:455,102,0,66
BRDA:455,102,1,9
BRDA:455,102,2,0
BRDA:461,103,0,0
BRDA:462,104,0,0
BRDA:462,104,1,0
BRDA:468,105,0,0
BRDA:469,106,0,0
BRDA:469,106,1,0
BRF:177
BRH:115
end_of_record
TN:
SF:src\types\index.ts
FN:110,isJSONValue
FN:129,isJSONObject
FN:139,isJSONArray
FN:151,isSchema
FN:181,isResponseHandler
FN:193,isRouteResponse
FN:205,isSchemaEnumValue
FNF:7
FNH:1
FNDA:0,isJSONValue
FNDA:0,isJSONObject
FNDA:0,isJSONArray
FNDA:4,isSchema
FNDA:0,isResponseHandler
FNDA:0,isRouteResponse
FNDA:0,isSchemaEnumValue
DA:110,2
DA:111,0
DA:112,0
DA:114,0
DA:115,0
DA:129,2
DA:130,0
DA:139,2
DA:140,0
DA:151,2
DA:152,4
DA:153,0
DA:156,4
DA:159,4
DA:181,2
DA:182,0
DA:193,2
DA:194,0
DA:205,2
DA:206,0
LF:20
LH:10
BRDA:111,0,0,0
BRDA:111,1,0,0
BRDA:111,1,1,0
BRDA:116,2,0,0
BRDA:116,2,1,0
BRDA:116,2,2,0
BRDA:116,2,3,0
BRDA:116,2,4,0
BRDA:116,2,5,0
BRDA:130,3,0,0
BRDA:130,3,1,0
BRDA:130,3,2,0
BRDA:152,4,0,0
BRDA:152,5,0,4
BRDA:152,5,1,4
BRDA:152,5,2,4
BRDA:160,6,0,4
BRDA:160,6,1,4
BRDA:160,6,2,4
BRDA:160,6,3,0
BRDA:160,6,4,0
BRDA:160,6,5,0
BRDA:160,6,6,0
BRDA:160,6,7,0
BRDA:160,6,8,0
BRDA:160,6,9,0
BRDA:160,6,10,0
BRDA:160,6,11,0
BRDA:194,7,0,0
BRDA:194,7,1,0
BRDA:194,7,2,0
BRDA:207,8,0,0
BRDA:207,8,1,0
BRDA:207,8,2,0
BRDA:207,8,3,0
BRF:35
BRH:6
end_of_record
TN:
SF:src\utils\cache.ts
FN:29,(anonymous_0)
FN:40,(anonymous_1)
FN:62,(anonymous_2)
FN:105,(anonymous_3)
FN:121,(anonymous_4)
FN:130,(anonymous_5)
FN:141,(anonymous_6)
FN:160,(anonymous_7)
FN:180,(anonymous_8)
FN:200,(anonymous_9)
FN:213,createSchemaHash
FN:229,createCacheKey
FNF:12
FNH:9
FNDA:2,(anonymous_0)
FNDA:78,(anonymous_1)
FNDA:105,(anonymous_2)
FNDA:0,(anonymous_3)
FNDA:0,(anonymous_4)
FNDA:0,(anonymous_5)
FNDA:185,(anonymous_6)
FNDA:78,(anonymous_7)
FNDA:12,(anonymous_8)
FNDA:5,(anonymous_9)
FNDA:370,createSchemaHash
FNDA:185,createCacheKey
DA:22,2
DA:30,2
DA:31,2
DA:32,2
DA:33,2
DA:34,2
DA:41,78
DA:43,78
DA:44,0
DA:48,78
DA:49,0
DA:50,0
DA:54,78
DA:56,78
DA:64,105
DA:66,105
DA:68,0
DA:69,0
DA:70,0
DA:71,0
DA:75,105
DA:84,105
DA:87,105
DA:88,1
DA:89,1
DA:91,104
DA:92,104
DA:93,104
DA:97,105
DA:98,5
DA:106,0
DA:108,0
DA:109,0
DA:112,0
DA:113,0
DA:115,0
DA:122,0
DA:123,0
DA:124,0
DA:131,0
DA:142,185
DA:144,185
DA:145,107
DA:149,78
DA:150,0
DA:151,0
DA:154,78
DA:161,78
DA:162,71
DA:165,7
DA:167,7
DA:168,0
DA:169,0
DA:171,7
DA:172,7
DA:173,7
DA:181,12
DA:182,12
DA:184,0
DA:187,12
DA:188,7
DA:190,5
DA:193,12
DA:194,12
DA:201,5
DA:202,0
DA:205,5
DA:206,5
DA:213,2
DA:214,370
DA:215,370
DA:217,370
DA:218,28581
DA:219,28581
DA:220,28581
DA:223,370
DA:229,2
DA:230,185
DA:231,185
DA:232,185
LF:80
LH:57
BRDA:43,0,0,0
BRDA:48,1,0,0
BRDA:48,2,0,78
BRDA:48,2,1,78
BRDA:66,3,0,0
BRDA:87,4,0,1
BRDA:87,4,1,104
BRDA:97,5,0,5
BRDA:108,6,0,0
BRDA:144,7,0,107
BRDA:149,8,0,0
BRDA:149,9,0,78
BRDA:149,9,1,78
BRDA:161,10,0,71
BRDA:167,11,0,0
BRDA:167,11,1,7
BRDA:181,12,0,12
BRDA:181,12,1,0
BRDA:187,13,0,7
BRDA:187,13,1,5
BRDA:201,14,0,0
BRDA:231,15,0,185
BRDA:231,15,1,0
BRF:23
BRH:14
end_of_record
TN:
SF:src\utils\config.ts
FN:54,safeMerge
FN:100,validateServerOptions
FN:241,validateRouteConfig
FN:341,validateMockServerConfig
FN:391,getDefaultServerOptions
FN:412,createConfig
FN:433,mergeConfigs
FNF:7
FNH:4
FNDA:3,safeMerge
FNDA:62,validateServerOptions
FNDA:30,validateRouteConfig
FNDA:62,validateMockServerConfig
FNDA:0,getDefaultServerOptions
FNDA:0,createConfig
FNDA:0,mergeConfigs
DA:6,2
DA:7,2
DA:8,2
DA:28,2
DA:33,2
DA:54,2
DA:58,3
DA:60,3
DA:62,2
DA:63,0
DA:66,0
DA:69,2
DA:70,2
DA:73,2
DA:81,0
DA:86,2
DA:90,3
DA:100,2
DA:101,62
DA:104,62
DA:105,62
DA:106,62
DA:107,0
DA:112,62
DA:113,4
DA:122,62
DA:123,0
DA:124,0
DA:129,0
DA:130,0
DA:139,62
DA:140,0
DA:141,0
DA:146,0
DA:147,0
DA:156,62
DA:157,0
DA:165,62
DA:166,0
DA:174,62
DA:175,62
DA:176,0
DA:185,62
DA:186,2
DA:187,0
DA:196,62
DA:197,0
DA:205,62
DA:206,0
DA:213,62
DA:214,4
DA:221,58
DA:241,2
DA:242,30
DA:245,30
DA:246,0
DA:251,30
DA:252,0
DA:261,30
DA:262,0
DA:270,30
DA:271,1
DA:272,0
DA:277,1
DA:278,0
DA:287,30
DA:288,1
DA:289,0
DA:294,1
DA:295,0
DA:304,30
DA:305,1
DA:306,0
DA:312,1
DA:313,1
DA:314,0
DA:324,30
DA:325,0
DA:341,2
DA:342,62
DA:345,62
DA:346,62
DA:348,4
DA:349,4
DA:351,0
DA:356,62
DA:357,0
DA:363,62
DA:364,30
DA:365,30
DA:367,0
DA:368,0
DA:370,0
DA:376,62
DA:377,4
DA:383,58
DA:391,2
DA:392,0
DA:412,2
DA:413,0
DA:414,0
DA:416,0
DA:433,2
DA:434,0
DA:435,0
DA:437,0
LF:106
LH:66
BRDA:62,0,0,0
BRDA:62,1,0,2
BRDA:62,1,1,2
BRDA:62,1,2,2
BRDA:73,2,0,0
BRDA:73,2,1,2
BRDA:74,3,0,2
BRDA:74,3,1,0
BRDA:74,3,2,0
BRDA:74,3,3,0
BRDA:74,3,4,0
BRDA:74,3,5,0
BRDA:104,4,0,62
BRDA:106,5,0,0
BRDA:106,5,1,62
BRDA:106,6,0,62
BRDA:106,6,1,62
BRDA:112,7,0,4
BRDA:112,8,0,62
BRDA:112,8,1,59
BRDA:122,9,0,0
BRDA:123,10,0,0
BRDA:123,10,1,0
BRDA:129,11,0,0
BRDA:139,12,0,0
BRDA:140,13,0,0
BRDA:140,13,1,0
BRDA:146,14,0,0
BRDA:156,15,0,0
BRDA:156,16,0,62
BRDA:156,16,1,0
BRDA:165,17,0,0
BRDA:165,18,0,62
BRDA:165,18,1,62
BRDA:174,19,0,62
BRDA:175,20,0,0
BRDA:185,21,0,2
BRDA:186,22,0,0
BRDA:196,23,0,0
BRDA:196,24,0,62
BRDA:196,24,1,2
BRDA:205,25,0,0
BRDA:205,26,0,62
BRDA:205,26,1,21
BRDA:213,27,0,4
BRDA:222,28,0,58
BRDA:222,28,1,0
BRDA:225,29,0,58
BRDA:225,29,1,58
BRDA:226,30,0,58
BRDA:226,30,1,0
BRDA:227,31,0,58
BRDA:227,31,1,0
BRDA:228,32,0,58
BRDA:228,32,1,56
BRDA:229,33,0,58
BRDA:229,33,1,56
BRDA:230,34,0,58
BRDA:230,34,1,37
BRDA:245,35,0,0
BRDA:245,35,1,30
BRDA:245,36,0,30
BRDA:245,36,1,30
BRDA:251,37,0,0
BRDA:261,38,0,0
BRDA:261,39,0,30
BRDA:261,39,1,30
BRDA:270,40,0,1
BRDA:271,41,0,0
BRDA:271,41,1,1
BRDA:271,42,0,1
BRDA:271,42,1,1
BRDA:277,43,0,0
BRDA:277,44,0,1
BRDA:277,44,1,1
BRDA:287,45,0,1
BRDA:288,46,0,0
BRDA:288,46,1,1
BRDA:288,47,0,1
BRDA:288,47,1,1
BRDA:294,48,0,0
BRDA:304,49,0,1
BRDA:305,50,0,0
BRDA:305,50,1,1
BRDA:305,51,0,1
BRDA:305,51,1,1
BRDA:305,51,2,1
BRDA:313,52,0,0
BRDA:324,53,0,0
BRDA:348,54,0,4
BRDA:348,54,1,0
BRDA:356,55,0,0
BRDA:356,55,1,62
BRDA:356,56,0,62
BRDA:356,56,1,62
BRDA:367,57,0,0
BRDA:367,57,1,0
BRDA:376,58,0,4
BRDA:413,59,0,0
BRDA:413,59,1,0
BRDA:414,60,0,0
BRDA:414,60,1,0
BRDA:434,61,0,0
BRDA:434,61,1,0
BRDA:435,62,0,0
BRDA:435,62,1,0
BRF:106
BRH:58
end_of_record
TN:
SF:src\utils\constants.ts
FNF:0
FNH:0
DA:7,3
DA:8,3
DA:9,3
DA:10,3
DA:13,3
DA:14,3
DA:15,3
DA:16,3
DA:19,3
DA:20,3
DA:21,3
DA:22,3
DA:23,3
DA:26,3
DA:27,3
DA:30,3
DA:31,3
DA:32,3
DA:33,3
DA:36,3
DA:37,3
DA:38,3
DA:39,3
DA:40,3
DA:41,3
DA:42,3
DA:43,3
DA:44,3
DA:47,3
DA:48,3
DA:49,3
DA:52,3
DA:53,3
DA:63,3
DA:69,3
DA:97,3
DA:100,3
DA:101,3
DA:104,3
DA:117,3
DA:118,3
DA:121,3
DA:122,3
DA:123,3
DA:126,3
DA:129,3
DA:140,3
LF:47
LH:47
BRF:0
BRH:0
end_of_record
TN:
SF:src\utils\logger.ts
FN:17,(anonymous_1)
FN:29,(anonymous_2)
FN:36,(anonymous_3)
FN:43,(anonymous_4)
FN:50,(anonymous_5)
FN:58,(anonymous_6)
FN:59,(anonymous_7)
FN:73,(anonymous_8)
FN:91,(anonymous_9)
FN:106,(anonymous_10)
FN:116,(anonymous_11)
FN:126,(anonymous_12)
FN:136,(anonymous_13)
FN:151,(anonymous_14)
FN:162,(anonymous_15)
FN:174,(anonymous_16)
FN:176,(anonymous_17)
FN:177,(anonymous_18)
FN:178,(anonymous_19)
FN:179,(anonymous_20)
FN:180,(anonymous_21)
FN:182,(anonymous_22)
FN:184,(anonymous_23)
FNF:23
FNH:18
FNDA:3,(anonymous_1)
FNDA:62,(anonymous_2)
FNDA:0,(anonymous_3)
FNDA:335,(anonymous_4)
FNDA:4,(anonymous_5)
FNDA:8,(anonymous_6)
FNDA:4,(anonymous_7)
FNDA:4,(anonymous_8)
FNDA:2,(anonymous_9)
FNDA:8,(anonymous_10)
FNDA:134,(anonymous_11)
FNDA:191,(anonymous_12)
FNDA:24,(anonymous_13)
FNDA:0,(anonymous_14)
FNDA:0,(anonymous_15)
FNDA:62,(anonymous_16)
FNDA:2,(anonymous_17)
FNDA:4,(anonymous_18)
FNDA:114,(anonymous_19)
FNDA:191,(anonymous_20)
FNDA:24,(anonymous_21)
FNDA:0,(anonymous_22)
FNDA:0,(anonymous_23)
DA:6,3
DA:7,3
DA:18,3
DA:19,3
DA:30,62
DA:37,0
DA:44,335
DA:51,4
DA:52,4
DA:54,4
DA:56,4
DA:57,4
DA:58,8
DA:59,4
DA:62,4
DA:63,2
DA:67,4
DA:74,4
DA:76,2
DA:78,0
DA:80,0
DA:82,2
DA:84,0
DA:92,2
DA:93,2
DA:94,2
DA:97,2
DA:98,2
DA:107,8
DA:108,0
DA:109,0
DA:117,134
DA:118,0
DA:119,0
DA:127,191
DA:128,2
DA:129,2
DA:137,24
DA:141,24
DA:142,4
DA:144,20
DA:152,0
DA:163,0
DA:171,3
DA:174,62
DA:175,3
DA:176,2
DA:177,4
DA:178,114
DA:179,191
DA:181,24
DA:183,0
DA:185,0
LF:53
LH:41
BRDA:56,0,0,4
BRDA:58,1,0,8
BRDA:58,1,1,4
BRDA:62,2,0,2
BRDA:74,3,0,2
BRDA:74,3,1,0
BRDA:74,3,2,0
BRDA:74,3,3,2
BRDA:74,3,4,0
BRDA:92,4,0,2
BRDA:97,5,0,2
BRDA:97,6,0,2
BRDA:97,6,1,2
BRDA:107,7,0,0
BRDA:117,8,0,0
BRDA:127,9,0,2
BRDA:137,10,0,24
BRDA:137,10,1,0
BRDA:138,11,0,9
BRDA:138,11,1,15
BRDA:141,12,0,4
BRDA:141,12,1,20
BRDA:141,13,0,24
BRDA:141,13,1,24
BRF:24
BRH:18
end_of_record
TN:
SF:src\utils\pluralization.ts
FN:11,pluralize
FN:65,getIrregularPlural
FN:117,smartPluralize
FNF:3
FNH:3
FNDA:54,pluralize
FNDA:54,getIrregularPlural
FNDA:54,smartPluralize
DA:11,1
DA:12,54
DA:13,0
DA:16,54
DA:19,54
DA:20,54
DA:21,0
DA:26,54
DA:28,2
DA:30,52
DA:31,0
DA:35,52
DA:37,0
DA:38,52
DA:40,1
DA:44,51
DA:45,0
DA:46,51
DA:47,0
DA:51,51
DA:52,51
DA:53,0
DA:57,51
DA:65,1
DA:66,54
DA:108,54
DA:109,54
DA:117,1
DA:118,54
DA:119,0
DA:123,54
DA:124,54
DA:125,0
DA:129,54
LF:34
LH:25
BRDA:12,0,0,0
BRDA:20,1,0,0
BRDA:26,2,0,2
BRDA:26,3,0,54
BRDA:26,3,1,2
BRDA:26,3,2,2
BRDA:30,4,0,0
BRDA:30,5,0,52
BRDA:30,5,1,52
BRDA:30,5,2,52
BRDA:35,6,0,0
BRDA:35,6,1,52
BRDA:35,7,0,52
BRDA:35,7,1,4
BRDA:38,8,0,1
BRDA:44,9,0,0
BRDA:44,9,1,51
BRDA:46,10,0,0
BRDA:52,11,0,0
BRDA:52,12,0,51
BRDA:52,12,1,0
BRDA:109,13,0,54
BRDA:109,13,1,54
BRDA:118,14,0,0
BRDA:124,15,0,0
BRF:25
BRH:15
end_of_record
TN:
SF:src\utils\random.ts
FN:11,(anonymous_0)
FN:25,(anonymous_1)
FN:35,(anonymous_2)
FN:42,(anonymous_3)
FN:49,(anonymous_4)
FN:56,(anonymous_5)
FN:73,initRandomGenerator
FN:86,resetRandomGenerator
FN:96,random
FN:106,randomInt
FN:116,randomFloat
FNF:11
FNH:3
FNDA:0,(anonymous_0)
FNDA:0,(anonymous_1)
FNDA:0,(anonymous_2)
FNDA:0,(anonymous_3)
FNDA:0,(anonymous_4)
FNDA:0,(anonymous_5)
FNDA:0,initRandomGenerator
FNDA:0,resetRandomGenerator
FNDA:2,random
FNDA:303,randomInt
FNDA:10,randomFloat
DA:7,2
DA:12,0
DA:13,0
DA:14,0
DA:17,0
DA:18,0
DA:28,0
DA:29,0
DA:36,0
DA:43,0
DA:50,0
DA:57,0
DA:58,0
DA:66,2
DA:67,2
DA:73,2
DA:74,0
DA:75,0
DA:76,0
DA:78,0
DA:79,0
DA:86,2
DA:87,0
DA:88,0
DA:96,2
DA:97,2
DA:98,0
DA:100,2
DA:106,2
DA:107,303
DA:108,0
DA:110,303
DA:116,2
DA:117,10
DA:118,0
DA:120,10
LF:36
LH:14
BRDA:12,0,0,0
BRDA:12,0,1,0
BRDA:74,1,0,0
BRDA:74,1,1,0
BRDA:87,2,0,0
BRDA:97,3,0,0
BRDA:97,4,0,2
BRDA:97,4,1,0
BRDA:107,5,0,0
BRDA:107,6,0,303
BRDA:107,6,1,0
BRDA:117,7,0,0
BRDA:117,8,0,10
BRDA:117,8,1,0
BRF:14
BRH:3
end_of_record
TN:
SF:src\utils\validation.ts
FN:27,validatePort
FN:75,validateFilePath
FN:141,validateFileExists
FN:157,validateSchema
FN:239,validateData
FN:362,validateLogLevel
FN:387,sanitizeString
FN:420,validateProjectName
FNF:8
FNH:8
FNDA:22,validatePort
FNDA:23,validateFilePath
FNDA:2,validateFileExists
FNDA:16,validateSchema
FNDA:3,validateData
FNDA:15,validateLogLevel
FNDA:50,sanitizeString
FNDA:23,validateProjectName
DA:5,2
DA:6,2
DA:7,2
DA:8,2
DA:9,2
DA:27,2
DA:29,22
DA:30,0
DA:33,22
DA:35,22
DA:36,2
DA:40,20
DA:41,1
DA:44,19
DA:45,8
DA:53,11
DA:54,0
DA:61,11
DA:75,2
DA:76,23
DA:77,3
DA:81,20
DA:82,3
DA:86,17
DA:87,0
DA:95,17
DA:96,137
DA:97,2
DA:106,15
DA:107,15
DA:108,90
DA:109,0
DA:118,15
DA:121,15
DA:122,0
DA:123,0
DA:124,0
DA:132,15
DA:141,2
DA:142,2
DA:143,1
DA:157,2
DA:158,16
DA:159,3
DA:168,13
DA:169,2
DA:178,11
DA:179,8
DA:180,8
DA:182,8
DA:183,10
DA:184,1
DA:194,10
DA:195,0
DA:196,0
DA:204,0
DA:205,0
DA:215,10
DA:216,2
DA:217,2
DA:218,2
DA:220,1
DA:221,1
DA:223,0
DA:239,2
DA:240,3
DA:243,3
DA:244,2
DA:245,2
DA:246,1
DA:257,2
DA:258,0
DA:265,2
DA:266,0
DA:273,2
DA:274,0
DA:281,2
DA:282,0
DA:289,2
DA:290,0
DA:299,2
DA:300,1
DA:301,0
DA:308,1
DA:309,0
DA:319,2
DA:320,0
DA:321,0
DA:328,0
DA:329,0
DA:339,2
DA:340,1
DA:341,1
DA:342,1
DA:343,1
DA:345,0
DA:346,0
DA:348,0
DA:362,2
DA:363,15
DA:365,15
DA:366,11
DA:373,4
DA:387,2
DA:388,50
DA:389,3
DA:393,47
DA:394,6
DA:402,41
DA:405,41
DA:407,41
DA:420,2
DA:421,23
DA:425,22
DA:427,22
DA:428,12
DA:436,10
DA:437,10
DA:438,0
DA:445,10
LF:120
LH:93
BRDA:29,0,0,0
BRDA:29,1,0,22
BRDA:29,1,1,9
BRDA:33,2,0,13
BRDA:33,2,1,9
BRDA:35,3,0,2
BRDA:35,4,0,22
BRDA:35,4,1,20
BRDA:40,5,0,1
BRDA:44,6,0,8
BRDA:44,7,0,19
BRDA:44,7,1,13
BRDA:53,8,0,0
BRDA:53,9,0,11
BRDA:53,9,1,5
BRDA:76,10,0,3
BRDA:76,11,0,23
BRDA:76,11,1,20
BRDA:81,12,0,3
BRDA:86,13,0,0
BRDA:96,14,0,2
BRDA:108,15,0,0
BRDA:108,16,0,90
BRDA:108,16,1,90
BRDA:121,17,0,0
BRDA:123,18,0,0
BRDA:142,19,0,1
BRDA:157,20,0,14
BRDA:158,21,0,3
BRDA:158,22,0,16
BRDA:158,22,1,15
BRDA:158,22,2,13
BRDA:168,23,0,2
BRDA:168,24,0,13
BRDA:168,24,1,5
BRDA:168,24,2,3
BRDA:168,24,3,2
BRDA:168,24,4,2
BRDA:178,25,0,8
BRDA:180,26,0,1
BRDA:180,26,1,7
BRDA:183,27,0,1
BRDA:194,28,0,0
BRDA:195,29,0,0
BRDA:195,30,0,0
BRDA:195,30,1,0
BRDA:195,30,2,0
BRDA:195,30,3,0
BRDA:195,30,4,0
BRDA:195,30,5,0
BRDA:195,30,6,0
BRDA:204,31,0,0
BRDA:204,32,0,0
BRDA:204,32,1,0
BRDA:215,33,0,2
BRDA:215,34,0,10
BRDA:215,34,1,2
BRDA:220,35,0,1
BRDA:221,36,0,0
BRDA:221,36,1,1
BRDA:240,37,0,0
BRDA:243,38,0,2
BRDA:243,39,0,3
BRDA:243,39,1,2
BRDA:245,40,0,1
BRDA:257,41,0,0
BRDA:257,42,0,2
BRDA:257,42,1,1
BRDA:265,43,0,0
BRDA:265,44,0,2
BRDA:265,44,1,2
BRDA:265,44,2,0
BRDA:273,45,0,0
BRDA:273,46,0,2
BRDA:273,46,1,0
BRDA:281,47,0,0
BRDA:281,48,0,2
BRDA:281,48,1,1
BRDA:281,48,2,1
BRDA:281,48,3,1
BRDA:289,49,0,0
BRDA:289,50,0,2
BRDA:289,50,1,0
BRDA:299,51,0,1
BRDA:300,52,0,0
BRDA:300,53,0,1
BRDA:300,53,1,0
BRDA:308,54,0,0
BRDA:308,55,0,1
BRDA:308,55,1,0
BRDA:319,56,0,0
BRDA:320,57,0,0
BRDA:320,58,0,0
BRDA:320,58,1,0
BRDA:328,59,0,0
BRDA:328,60,0,0
BRDA:328,60,1,0
BRDA:339,61,0,1
BRDA:339,62,0,2
BRDA:339,62,1,1
BRDA:339,62,2,1
BRDA:341,63,0,1
BRDA:345,64,0,0
BRDA:365,65,0,11
BRDA:387,66,0,25
BRDA:388,67,0,3
BRDA:393,68,0,6
BRDA:427,69,0,12
BRDA:437,70,0,0
BRF:109
BRH:68
end_of_record
