TN:
SF:src\generators\server.ts
FN:11,(anonymous_1)
FN:19,(anonymous_2)
FN:29,(anonymous_3)
FN:35,(anonymous_4)
FN:44,(anonymous_5)
FN:46,(anonymous_6)
FN:51,(anonymous_7)
FN:59,(anonymous_8)
FN:61,(anonymous_9)
FN:65,(anonymous_10)
FN:69,(anonymous_11)
FN:112,(anonymous_12)
FN:114,(anonymous_13)
FN:120,(anonymous_14)
FN:128,(anonymous_15)
FN:132,(anonymous_16)
FN:145,(anonymous_17)
FN:154,(anonymous_18)
FN:167,createMockServer
FNF:19
FNH:11
FNDA:1,(anonymous_1)
FNDA:1,(anonymous_2)
FNDA:1,(anonymous_3)
FNDA:1,(anonymous_4)
FNDA:1,(anonymous_5)
FNDA:2,(anonymous_6)
FNDA:0,(anonymous_7)
FNDA:2,(anonymous_8)
FNDA:1,(anonymous_9)
FNDA:0,(anonymous_10)
FNDA:0,(anonymous_11)
FNDA:0,(anonymous_12)
FNDA:0,(anonymous_13)
FNDA:0,(anonymous_14)
FNDA:1,(anonymous_15)
FNDA:1,(anonymous_16)
FNDA:1,(anonymous_17)
FNDA:0,(anonymous_18)
FNDA:0,createMockServer
DA:1,1
DA:2,1
DA:4,1
DA:6,1
DA:12,1
DA:13,1
DA:14,1
DA:15,1
DA:16,1
DA:21,1
DA:22,1
DA:26,1
DA:29,1
DA:30,1
DA:31,1
DA:36,1
DA:37,1
DA:39,1
DA:40,1
DA:46,1
DA:47,2
DA:51,1
DA:52,0
DA:60,2
DA:61,2
DA:62,1
DA:64,1
DA:65,0
DA:69,1
DA:70,0
DA:74,1
DA:76,1
DA:77,1
DA:78,0
DA:80,0
DA:83,0
DA:86,0
DA:91,2
DA:93,1
DA:94,1
DA:96,1
DA:97,1
DA:99,0
DA:100,0
DA:102,0
DA:103,0
DA:105,0
DA:106,0
DA:108,0
DA:113,0
DA:114,0
DA:115,0
DA:118,0
DA:119,0
DA:120,0
DA:121,0
DA:123,0
DA:129,1
DA:133,1
DA:134,1
DA:145,1
DA:154,0
DA:163,1
DA:167,1
DA:168,0
LF:65
LH:41
BRDA:21,0,0,1
BRDA:36,1,0,1
BRDA:36,1,1,0
BRDA:39,2,0,1
BRDA:60,3,0,2
BRDA:60,4,0,2
BRDA:60,5,0,2
BRDA:64,6,0,0
BRDA:74,7,0,1
BRDA:74,7,1,0
BRDA:78,8,0,0
BRDA:78,8,1,0
BRDA:78,9,0,0
BRDA:78,9,1,0
BRDA:91,10,0,1
BRDA:91,10,1,1
BRDA:91,10,2,0
BRDA:91,10,3,0
BRDA:91,10,4,0
BRDA:91,10,5,0
BRDA:113,11,0,0
BRDA:113,11,1,0
BRDA:118,12,0,0
BRDA:132,13,0,0
BRDA:133,14,0,1
BRDA:133,14,1,0
BRF:26
BRH:10
end_of_record
TN:
SF:src\parsers\schema.ts
FN:7,(anonymous_0)
FN:27,(anonymous_1)
FN:57,(anonymous_2)
FN:103,(anonymous_3)
FN:134,(anonymous_4)
FN:138,(anonymous_5)
FN:164,(anonymous_6)
FNF:7
FNH:6
FNDA:14,(anonymous_0)
FNDA:0,(anonymous_1)
FNDA:9,(anonymous_2)
FNDA:1,(anonymous_3)
FNDA:1,(anonymous_4)
FNDA:1,(anonymous_5)
FNDA:2,(anonymous_6)
DA:3,2
DA:8,14
DA:9,0
DA:13,14
DA:15,0
DA:18,14
DA:19,0
DA:22,14
DA:23,0
DA:26,14
DA:27,0
DA:28,0
DA:33,14
DA:35,9
DA:38,1
DA:40,1
DA:42,1
DA:44,2
DA:46,0
DA:48,0
DA:50,0
DA:51,0
DA:53,0
DA:58,9
DA:59,0
DA:62,9
DA:63,3
DA:65,0
DA:67,1
DA:69,0
DA:71,0
DA:73,0
DA:75,0
DA:77,2
DA:81,6
DA:83,0
DA:84,0
DA:89,6
DA:90,6
DA:91,6
DA:93,6
DA:94,6
DA:96,6
DA:97,28
DA:100,6
DA:104,1
DA:105,1
DA:108,1
DA:109,0
DA:110,0
DA:111,0
DA:112,0
DA:116,1
DA:117,0
DA:118,0
DA:119,0
DA:120,0
DA:125,1
DA:126,0
DA:127,0
DA:128,0
DA:131,1
DA:135,1
DA:139,1
DA:140,1
DA:141,1
DA:143,1
DA:144,0
DA:147,1
DA:149,1
DA:151,0
DA:152,0
DA:156,1
DA:157,3
DA:161,1
DA:165,2
DA:166,0
DA:169,2
DA:170,2
DA:173,2
DA:175,6
DA:176,4
DA:181,2
DA:182,0
DA:186,0
DA:187,0
DA:188,0
DA:189,0
DA:196,2
LF:89
LH:50
BRDA:8,0,0,0
BRDA:13,1,0,0
BRDA:18,2,0,0
BRDA:18,3,0,14
BRDA:18,3,1,0
BRDA:22,4,0,0
BRDA:22,5,0,14
BRDA:22,5,1,0
BRDA:26,6,0,0
BRDA:26,7,0,14
BRDA:26,7,1,0
BRDA:33,8,0,9
BRDA:33,8,1,1
BRDA:33,8,2,1
BRDA:33,8,3,1
BRDA:33,8,4,1
BRDA:33,8,5,2
BRDA:33,8,6,0
BRDA:33,8,7,0
BRDA:48,9,0,0
BRDA:58,10,0,0
BRDA:62,11,0,3
BRDA:63,12,0,0
BRDA:63,12,1,1
BRDA:63,12,2,0
BRDA:63,12,3,0
BRDA:63,12,4,0
BRDA:63,12,5,0
BRDA:63,12,6,2
BRDA:81,13,0,0
BRDA:83,14,0,0
BRDA:89,15,0,6
BRDA:89,15,1,6
BRDA:90,16,0,6
BRDA:90,16,1,6
BRDA:104,17,0,1
BRDA:104,17,1,0
BRDA:105,18,0,1
BRDA:105,18,1,0
BRDA:108,19,0,0
BRDA:109,20,0,0
BRDA:109,20,1,0
BRDA:109,21,0,0
BRDA:109,21,1,0
BRDA:111,22,0,0
BRDA:116,23,0,0
BRDA:117,24,0,0
BRDA:117,24,1,0
BRDA:117,25,0,0
BRDA:117,25,1,0
BRDA:119,26,0,0
BRDA:125,27,0,0
BRDA:139,28,0,1
BRDA:139,28,1,0
BRDA:140,29,0,1
BRDA:140,29,1,0
BRDA:143,30,0,0
BRDA:149,31,0,0
BRDA:149,31,1,1
BRDA:165,32,0,0
BRDA:170,33,0,2
BRDA:170,33,1,0
BRDA:175,34,0,4
BRDA:175,35,0,6
BRDA:175,35,1,2
BRDA:181,36,0,0
BRDA:182,37,0,0
BRDA:182,37,1,0
BRDA:188,38,0,0
BRDA:189,39,0,0
BRDA:189,39,1,0
BRF:71
BRH:25
end_of_record
